
Showing logs for build [32mcb-kubecd-environment-pr-187-22-54wmd-1[0m stage [32mfrom-build-pack[0m and container [32mstep-credential-initializer-qxc7q[0m
{"level":"warn","ts":1585156558.7148168,"logger":"fallback-logger","caller":"logging/config.go:69","msg":"Fetch GitHub commit ID from kodata failed: \"ref: refs/heads/0.8.0-**-support-backwards-incompats\" is not a valid GitHub commit ID"}
{"level":"info","ts":1585156558.7151167,"logger":"fallback-logger","caller":"creds-init/main.go:40","msg":"Credentials initialized."}

Showing logs for build [32mcb-kubecd-environment-pr-187-22-54wmd-1[0m stage [32mfrom-build-pack[0m and container [32mstep-working-dir-initializer-tk85h[0m
{"level":"warn","ts":1585156559.7022443,"logger":"fallback-logger","caller":"logging/config.go:69","msg":"Fetch GitHub commit ID from kodata failed: open /var/run/ko/HEAD: no such file or directory"}
{"level":"info","ts":1585156559.7029803,"logger":"fallback-logger","caller":"bash/main.go:64","msg":"Successfully executed command \"sh -c mkdir -p /workspace/source\"; output "}

Showing logs for build [32mcb-kubecd-environment-pr-187-22-54wmd-1[0m stage [32mfrom-build-pack[0m and container [32mstep-place-tools[0m

Showing logs for build [32mcb-kubecd-environment-pr-187-22-54wmd-1[0m stage [32mfrom-build-pack[0m and container [32mstep-git-source-cb-kubecd-environment-pr-187-22-54wmd-p6khx[0m
{"level":"warn","ts":1585156562.801397,"logger":"fallback-logger","caller":"logging/config.go:69","msg":"Fetch GitHub commit ID from kodata failed: \"ref: refs/heads/0.8.0-**-support-backwards-incompats\" is not a valid GitHub commit ID"}
{"level":"info","ts":1585156563.1232293,"logger":"fallback-logger","caller":"git/git.go:103","msg":"Successfully cloned https://github.com/cb-kubecd/environment-pr-187-225-boot-eks-production.git @ master in path /workspace/source"}

Showing logs for build [32mcb-kubecd-environment-pr-187-22-54wmd-1[0m stage [32mfrom-build-pack[0m and container [32mstep-git-merge[0m
Using SHAs from PULL_REFS=master:a7b120e88ddddfb7967258f4164c31d5eb12517b,1:f33ae6aa93df28d4f2c3220427c08bc63c0e447e
DEBUG: LC_ALL=C JX_LOG_LEVEL=error git fetch origin --unshallow f33ae6aa93df28d4f2c3220427c08bc63c0e447e: a7b120e88ddddfb7967258f4164c31d5eb12517b:
DEBUG: ran git fetch --unshallow origin f33ae6aa93df28d4f2c3220427c08bc63c0e447e: a7b120e88ddddfb7967258f4164c31d5eb12517b: in 
DEBUG: LC_ALL=C JX_LOG_LEVEL=error git branch
DEBUG: LC_ALL=C JX_LOG_LEVEL=error git checkout master
DEBUG: ran git checkout master in 
DEBUG: LC_ALL=C JX_LOG_LEVEL=error git reset --hard a7b120e88ddddfb7967258f4164c31d5eb12517b
DEBUG: ran git reset --hard a7b120e88ddddfb7967258f4164c31d5eb12517b in 
DEBUG: LC_ALL=C JX_LOG_LEVEL=error git clean -fd .
DEBUG: ran clean --force -d . in 
DEBUG: LC_ALL=C JX_LOG_LEVEL=error git merge f33ae6aa93df28d4f2c3220427c08bc63c0e447e
DEBUG: ran git merge f33ae6aa93df28d4f2c3220427c08bc63c0e447e in 
DEBUG: LC_ALL=C JX_LOG_LEVEL=error git log --format=%H%x1f%an%x1f%ae%x1f%cn%x1f%ce%x1f%s%n%b%x1e a7b120e88ddddfb7967258f4164c31d5eb12517b..HEAD
Merged SHA f33ae6aa93df28d4f2c3220427c08bc63c0e447e with commit message 'chore: Promote bdd-spring-1585155265 to version 0.0.1' into base branch master

Showing logs for build [32mcb-kubecd-environment-pr-187-22-54wmd-1[0m stage [32mfrom-build-pack[0m and container [32mstep-build-helm-build[0m
WARNING: No $CHART_REPOSITORY defined so using the default value of: http://jenkins-x-chartmuseum:8080
Adding missing Helm repo: storage.googleapis.com https://storage.googleapis.com/chartmuseum.jenkins-x.io
WARNING: No secrets found on "helm/repos" due: reading the secret "helm/repos" from vault: no secret "helm/repos" not found in vault
Read credentials for https://storage.googleapis.com/chartmuseum.jenkins-x.io from vault helm/repos
Successfully added Helm repository storage.googleapis.com.
Adding missing Helm repo: jenkins-x-chartmuseum http://jenkins-x-chartmuseum:8080
WARNING: No secrets found on "helm/repos" due: reading the secret "helm/repos" from vault: no secret "helm/repos" not found in vault
Read credentials for http://jenkins-x-chartmuseum:8080 from vault helm/repos
Successfully added Helm repository jenkins-x-chartmuseum.
WARNING: No $CHART_REPOSITORY defined so using the default value of: http://jenkins-x-chartmuseum:8080
Adding missing Helm repo: chartmuseum.jenkins-x.io http://chartmuseum.jenkins-x.io
WARNING: No secrets found on "helm/repos" due: reading the secret "helm/repos" from vault: no secret "helm/repos" not found in vault
Read credentials for http://chartmuseum.jenkins-x.io from vault helm/repos
Successfully added Helm repository chartmuseum.jenkins-x.io.
